writeCommonTags: couldn't write 'year' tag to 'clinton/disco-and-the-halfway-to-discontent/clinton-aka-cornershop-g.t.-road-jnzoxp7dm9i.wav' as it's not a positive integer
writeCommonTags: couldn't write 'year' tag to 'clinton/disco-and-the-halfway-to-discontent/clinton-before-the-fizz-is-gone.wav' as it's not a positive integer
writeCommonTags: couldn't write 'year' tag to 'clinton/disco-and-the-halfway-to-discontent/clinton-buttoned-down-disco-ampleplayrecords-ox5n9ciumgk.wav' as it's not a positive integer
writeCommonTags: couldn't write 'year' tag to 'clinton/disco-and-the-halfway-to-discontent/clinton-hip-hop-bricks-tjinder-singh-ampleplay-records-jiruo6pyc1g.wav' as it's not a positive integer
writeCommonTags: couldn't write 'year' tag to 'clinton/disco-and-the-halfway-to-discontent/clinton-people-power-in-the-disco-hour-azsxy-b-d2g.wav' as it's not a positive integer
writeCommonTags: couldn't write 'year' tag to 'clinton/disco-and-the-halfway-to-discontent/cornershop-the-hot-for-may-sound-mis0kgcduqc.wav' as it's not a positive integer
writeCommonTags: couldn't write 'year' tag to 'clinton/disco-and-the-halfway-to-discontent/electric-ice-cream-miami-jammies-rkmlhxkrrxc.wav' as it's not a positive integer
writeCommonTags: couldn't write 'year' tag to 'clinton/disco-and-the-halfway-to-discontent/giddian-di-rani-5mgowmqw2tk.wav' as it's not a positive integer
writeCommonTags: couldn't write 'year' tag to 'clinton/disco-and-the-halfway-to-discontent/mr.-president-p5uwtckhqbu.wav' as it's not a positive integer
writeCommonTags: couldn't write 'year' tag to 'clinton/disco-and-the-halfway-to-discontent/sing-hosanna-nxjjqlywari.wav' as it's not a positive integer
writeCommonTags: couldn't write 'year' tag to 'clinton/disco-and-the-halfway-to-discontent/welcome-to-tokyo-mr-otis-clay-1-0-0n-szvm.wav' as it's not a positive integer
writeCommonTags: couldn't write 'year' tag to 'clinton/disco-and-the-halfway-to-discontent/clinton-aka-cornershop-g.t.-road-jnzoxp7dm9i.wav' as it's not a positive integer
writeCommonTags: couldn't write 'year' tag to 'clinton/disco-and-the-halfway-to-discontent/clinton-before-the-fizz-is-gone.wav' as it's not a positive integer
writeCommonTags: couldn't write 'year' tag to 'clinton/disco-and-the-halfway-to-discontent/clinton-buttoned-down-disco-ampleplayrecords-ox5n9ciumgk.wav' as it's not a positive integer
writeCommonTags: couldn't write 'year' tag to 'clinton/disco-and-the-halfway-to-discontent/clinton-hip-hop-bricks-tjinder-singh-ampleplay-records-jiruo6pyc1g.wav' as it's not a positive integer
writeCommonTags: couldn't write 'year' tag to 'clinton/disco-and-the-halfway-to-discontent/clinton-people-power-in-the-disco-hour-azsxy-b-d2g.wav' as it's not a positive integer
writeCommonTags: couldn't write 'year' tag to 'clinton/disco-and-the-halfway-to-discontent/cornershop-the-hot-for-may-sound-mis0kgcduqc.wav' as it's not a positive integer
writeCommonTags: couldn't write 'year' tag to 'clinton/disco-and-the-halfway-to-discontent/electric-ice-cream-miami-jammies-rkmlhxkrrxc.wav' as it's not a positive integer
writeCommonTags: couldn't write 'year' tag to 'clinton/disco-and-the-halfway-to-discontent/giddian-di-rani-5mgowmqw2tk.wav' as it's not a positive integer
writeCommonTags: couldn't write 'year' tag to 'clinton/disco-and-the-halfway-to-discontent/mr.-president-p5uwtckhqbu.wav' as it's not a positive integer
writeCommonTags: couldn't write 'year' tag to 'clinton/disco-and-the-halfway-to-discontent/sing-hosanna-nxjjqlywari.wav' as it's not a positive integer
writeCommonTags: couldn't write 'year' tag to 'clinton/disco-and-the-halfway-to-discontent/welcome-to-tokyo-mr-otis-clay-1-0-0n-szvm.wav' as it's not a positive integer
